<?xml version="1.0" encoding="UTF-8" ?>
<testsuites>
<testsuite name="Frisby Test: Single User GET Endpoint" errors="0" tests="1" failures="1" time="0.073" timestamp="2017-05-17T08:41:11">
  <testcase classname="Frisby Test: Single User GET Endpoint" name="
	[ GET http://localhost:3000/api/users/1 ]" time="0.071"><failure type="expect" message="Error: Expected &amp;apos;undefined&amp;apos; to be type &amp;apos;string&amp;apos; on key &amp;apos;FistName&amp;apos;">Error: Expected &amp;apos;undefined&amp;apos; to be type &amp;apos;string&amp;apos; on key &amp;apos;FistName&amp;apos;
    at _jsonContainsTypes (/Users/scottsfarley/Documents/easyClass/easyClassServer/node_modules/frisby/lib/frisby.js:1327:15)
    at jasmine.Matchers.toContainJsonTypes (/Users/scottsfarley/Documents/easyClass/easyClassServer/node_modules/frisby/lib/frisby.js:1201:12)
    at .&amp;lt;anonymous&amp;gt; (/Users/scottsfarley/Documents/easyClass/easyClassServer/node_modules/frisby/lib/frisby.js:633:24)
    at .&amp;lt;anonymous&amp;gt; (/Users/scottsfarley/Documents/easyClass/easyClassServer/node_modules/frisby/lib/frisby.js:1074:43)
    at jasmine.Block.execute (/usr/local/lib/node_modules/jasmine-node/lib/jasmine-node/jasmine-1.3.1.js:1145:17)
    at jasmine.Queue.next_ (/usr/local/lib/node_modules/jasmine-node/lib/jasmine-node/jasmine-1.3.1.js:2177:31)
    at onComplete (/usr/local/lib/node_modules/jasmine-node/lib/jasmine-node/jasmine-1.3.1.js:2173:18)
    at jasmine.WaitsForBlock.execute (/usr/local/lib/node_modules/jasmine-node/lib/jasmine-node/jasmine-1.3.1.js:2659:5)
    at Timeout._onTimeout (/usr/local/lib/node_modules/jasmine-node/lib/jasmine-node/jasmine-1.3.1.js:2673:12)
    at tryOnTimeout (timers.js:224:11)</failure></testcase>
</testsuite>
</testsuites>